  [1m[35m (0.3ms)[0m  [1m[34mSELECT sqlite_version(*)[0m
  [1m[35m (136.9ms)[0m  [1m[35mCREATE TABLE "schema_migrations" ("version" varchar NOT NULL PRIMARY KEY)[0m
  [1m[35m (259.2ms)[0m  [1m[35mCREATE TABLE "ar_internal_metadata" ("key" varchar NOT NULL PRIMARY KEY, "value" varchar, "created_at" datetime NOT NULL, "updated_at" datetime NOT NULL)[0m
  [1m[35m (0.4ms)[0m  [1m[34mSELECT "schema_migrations"."version" FROM "schema_migrations" ORDER BY "schema_migrations"."version" ASC[0m
Migrating to CreateTweeets (20171129222907)
  [1m[35m (0.2ms)[0m  [1m[36mbegin transaction[0m
  [1m[35m (0.8ms)[0m  [1m[35mCREATE TABLE "tweeets" ("id" INTEGER PRIMARY KEY AUTOINCREMENT NOT NULL, "tweeet" text, "created_at" datetime NOT NULL, "updated_at" datetime NOT NULL)[0m
  [1m[35mSQL (1.0ms)[0m  [1m[32mINSERT INTO "schema_migrations" ("version") VALUES (?)[0m  [["version", "20171129222907"]]
  [1m[35m (105.1ms)[0m  [1m[36mcommit transaction[0m
Migrating to DeviseCreateUsers (20171129234035)
  [1m[35m (0.3ms)[0m  [1m[36mbegin transaction[0m
  [1m[35m (1.2ms)[0m  [1m[35mCREATE TABLE "users" ("id" INTEGER PRIMARY KEY AUTOINCREMENT NOT NULL, "email" varchar DEFAULT '' NOT NULL, "encrypted_password" varchar DEFAULT '' NOT NULL, "reset_password_token" varchar, "reset_password_sent_at" datetime, "remember_created_at" datetime, "sign_in_count" integer DEFAULT 0 NOT NULL, "current_sign_in_at" datetime, "last_sign_in_at" datetime, "current_sign_in_ip" varchar, "last_sign_in_ip" varchar, "created_at" datetime NOT NULL, "updated_at" datetime NOT NULL)[0m
  [1m[35m (0.4ms)[0m  [1m[35mCREATE UNIQUE INDEX "index_users_on_email" ON "users" ("email")[0m
  [1m[35m (0.3ms)[0m  [1m[34m            SELECT sql
            FROM sqlite_master
            WHERE name='index_users_on_email' AND type='index'
            UNION ALL
            SELECT sql
            FROM sqlite_temp_master
            WHERE name='index_users_on_email' AND type='index'
[0m
  [1m[35m (0.4ms)[0m  [1m[35mCREATE UNIQUE INDEX "index_users_on_reset_password_token" ON "users" ("reset_password_token")[0m
  [1m[35mSQL (0.5ms)[0m  [1m[32mINSERT INTO "schema_migrations" ("version") VALUES (?)[0m  [["version", "20171129234035"]]
  [1m[35m (114.0ms)[0m  [1m[36mcommit transaction[0m
Migrating to AddFieldsToUsers (20171129234833)
  [1m[35m (0.2ms)[0m  [1m[36mbegin transaction[0m
  [1m[35m (0.8ms)[0m  [1m[35mALTER TABLE "users" ADD "name" varchar[0m
  [1m[35m (0.6ms)[0m  [1m[35mALTER TABLE "users" ADD "username" varchar[0m
  [1m[35m (0.4ms)[0m  [1m[34m            SELECT sql
            FROM sqlite_master
            WHERE name='index_users_on_reset_password_token' AND type='index'
            UNION ALL
            SELECT sql
            FROM sqlite_temp_master
            WHERE name='index_users_on_reset_password_token' AND type='index'
[0m
  [1m[35m (0.2ms)[0m  [1m[34m            SELECT sql
            FROM sqlite_master
            WHERE name='index_users_on_email' AND type='index'
            UNION ALL
            SELECT sql
            FROM sqlite_temp_master
            WHERE name='index_users_on_email' AND type='index'
[0m
  [1m[35m (0.3ms)[0m  [1m[35mCREATE UNIQUE INDEX "index_users_on_username" ON "users" ("username")[0m
  [1m[35mSQL (0.3ms)[0m  [1m[32mINSERT INTO "schema_migrations" ("version") VALUES (?)[0m  [["version", "20171129234833"]]
  [1m[35m (109.0ms)[0m  [1m[36mcommit transaction[0m
Migrating to AddUserIdToTweeets (20171130000452)
  [1m[35m (0.3ms)[0m  [1m[36mbegin transaction[0m
  [1m[35m (0.8ms)[0m  [1m[35mALTER TABLE "tweeets" ADD "user_id" integer[0m
  [1m[35mSQL (0.5ms)[0m  [1m[32mINSERT INTO "schema_migrations" ("version") VALUES (?)[0m  [["version", "20171130000452"]]
  [1m[35m (81.3ms)[0m  [1m[36mcommit transaction[0m
  [1m[36mActiveRecord::InternalMetadata Load (0.5ms)[0m  [1m[34mSELECT  "ar_internal_metadata".* FROM "ar_internal_metadata" WHERE "ar_internal_metadata"."key" = ? LIMIT ?[0m  [["key", "environment"], ["LIMIT", 1]]
  [1m[35m (0.2ms)[0m  [1m[36mbegin transaction[0m
  [1m[35mSQL (0.6ms)[0m  [1m[32mINSERT INTO "ar_internal_metadata" ("key", "value", "created_at", "updated_at") VALUES (?, ?, ?, ?)[0m  [["key", "environment"], ["value", "development"], ["created_at", "2021-08-22 18:56:13.148020"], ["updated_at", "2021-08-22 18:56:13.148020"]]
  [1m[35m (97.1ms)[0m  [1m[36mcommit transaction[0m
  [1m[35m (0.4ms)[0m  [1m[34mSELECT "schema_migrations"."version" FROM "schema_migrations" ORDER BY "schema_migrations"."version" ASC[0m
  [1m[35m (0.2ms)[0m  [1m[34m            SELECT sql
            FROM sqlite_master
            WHERE name='index_users_on_username' AND type='index'
            UNION ALL
            SELECT sql
            FROM sqlite_temp_master
            WHERE name='index_users_on_username' AND type='index'
[0m
  [1m[35m (0.2ms)[0m  [1m[34m            SELECT sql
            FROM sqlite_master
            WHERE name='index_users_on_reset_password_token' AND type='index'
            UNION ALL
            SELECT sql
            FROM sqlite_temp_master
            WHERE name='index_users_on_reset_password_token' AND type='index'
[0m
  [1m[35m (0.2ms)[0m  [1m[34m            SELECT sql
            FROM sqlite_master
            WHERE name='index_users_on_email' AND type='index'
            UNION ALL
            SELECT sql
            FROM sqlite_temp_master
            WHERE name='index_users_on_email' AND type='index'
[0m
Started GET "/" for 127.0.0.1 at 2021-08-23 00:27:47 +0530
  [1m[35m (0.4ms)[0m  [1m[34mSELECT "schema_migrations"."version" FROM "schema_migrations" ORDER BY "schema_migrations"."version" ASC[0m
Processing by TweeetsController#index as HTML
  Rendering tweeets/index.html.erb within layouts/application
  Rendered tweeets/_trends.html.erb (0.6ms)
  [1m[36mTweeet Load (0.5ms)[0m  [1m[34mSELECT "tweeets".* FROM "tweeets" ORDER BY created_at DESC[0m
  Rendered tweeets/_feed.html.erb (3.9ms)
  Rendered tweeets/_who-to-follow.html.erb (0.7ms)
  Rendered tweeets/index.html.erb within layouts/application (17.4ms)
Completed 200 OK in 6907ms (Views: 6866.4ms | ActiveRecord: 1.8ms)


Started GET "/" for 127.0.0.1 at 2021-08-23 00:28:11 +0530
Processing by TweeetsController#index as HTML
  Rendering tweeets/index.html.erb within layouts/application
  Rendered tweeets/_trends.html.erb (1.7ms)
  [1m[36mTweeet Load (0.5ms)[0m  [1m[34mSELECT "tweeets".* FROM "tweeets" ORDER BY created_at DESC[0m
  Rendered tweeets/_feed.html.erb (6.6ms)
  Rendered tweeets/_who-to-follow.html.erb (0.7ms)
  Rendered tweeets/index.html.erb within layouts/application (16.6ms)
Completed 200 OK in 100ms (Views: 94.4ms | ActiveRecord: 0.5ms)


Started GET "/users/sign_in" for 127.0.0.1 at 2021-08-23 00:28:20 +0530

SyntaxError - syntax error, unexpected '{', expecting end
...ion only: [:create, :destroy] { request.env["devise.skip_tim...
...                              ^
/home/mayank/.rvm/gems/ruby-2.6.3/gems/devise-4.3.0/app/controllers/devise/sessions_controller.rb:5: syntax error, unexpected '}', expecting end
..."devise.skip_timeout"] = true }
...                              ^:

Started POST "/__better_errors/b9d5051cc5339eb4/variables" for 127.0.0.1 at 2021-08-23 00:28:20 +0530
Started GET "/" for 127.0.0.1 at 2021-08-23 00:30:55 +0530
Processing by TweeetsController#index as HTML
  Rendering tweeets/index.html.erb within layouts/application
  Rendered tweeets/_trends.html.erb (1.5ms)
  [1m[36mTweeet Load (0.5ms)[0m  [1m[34mSELECT "tweeets".* FROM "tweeets" ORDER BY created_at DESC[0m
  Rendered tweeets/_feed.html.erb (5.8ms)
  Rendered tweeets/_who-to-follow.html.erb (1.7ms)
  Rendered tweeets/index.html.erb within layouts/application (15.3ms)
Completed 200 OK in 93ms (Views: 89.3ms | ActiveRecord: 0.5ms)


Started GET "/users/sign_up" for 127.0.0.1 at 2021-08-23 00:30:57 +0530
Processing by RegistrationsController#new as HTML
  Rendering devise/registrations/new.html.erb within layouts/application
  Rendered devise/shared/_links.html.erb (2.8ms)
  Rendered devise/registrations/new.html.erb within layouts/application (169.8ms)
Completed 200 OK in 300ms (Views: 224.0ms | ActiveRecord: 2.6ms)


Started POST "/users" for 127.0.0.1 at 2021-08-23 00:31:58 +0530
Processing by RegistrationsController#create as HTML
  Parameters: {"utf8"=>"✓", "authenticity_token"=>"4bz3ynoEB1uvK8UapilsCV2wHY8TUwwIWW2QKcg9saqXfG+eEyzVPo+x3sK+iNq1hlWV1dI2qmL64c7a8bQ/rQ==", "user"=>{"name"=>"Mayank", "username"=>"mayank_1995", "email"=>"mayank@gmail.com", "password"=>"[FILTERED]", "password_confirmation"=>"[FILTERED]"}, "commit"=>"Sign up"}
  [1m[35m (0.2ms)[0m  [1m[36mbegin transaction[0m
  [1m[36mUser Exists (0.4ms)[0m  [1m[34mSELECT  1 AS one FROM "users" WHERE "users"."email" = ? LIMIT ?[0m  [["email", "mayank@gmail.com"], ["LIMIT", 1]]
  [1m[35mSQL (1.5ms)[0m  [1m[32mINSERT INTO "users" ("email", "encrypted_password", "created_at", "updated_at", "name", "username") VALUES (?, ?, ?, ?, ?, ?)[0m  [["email", "mayank@gmail.com"], ["encrypted_password", "$2a$11$FKK9E4ZnlrwF89I6rUZ5qerLRmG4nyj7I.6qfTvqeMXwVUyRJL0Ym"], ["created_at", "2021-08-22 19:01:58.374725"], ["updated_at", "2021-08-22 19:01:58.374725"], ["name", "Mayank"], ["username", "mayank_1995"]]
  [1m[35m (72.5ms)[0m  [1m[36mcommit transaction[0m
  [1m[35m (0.2ms)[0m  [1m[36mbegin transaction[0m
  [1m[35mSQL (0.7ms)[0m  [1m[33mUPDATE "users" SET "sign_in_count" = ?, "current_sign_in_at" = ?, "last_sign_in_at" = ?, "current_sign_in_ip" = ?, "last_sign_in_ip" = ?, "updated_at" = ? WHERE "users"."id" = ?[0m  [["sign_in_count", 1], ["current_sign_in_at", "2021-08-22 19:01:58.457903"], ["last_sign_in_at", "2021-08-22 19:01:58.457903"], ["current_sign_in_ip", "127.0.0.1"], ["last_sign_in_ip", "127.0.0.1"], ["updated_at", "2021-08-22 19:01:58.459745"], ["id", 1]]
  [1m[35m (64.2ms)[0m  [1m[36mcommit transaction[0m
Redirected to http://localhost:3000/
Completed 302 Found in 408ms (ActiveRecord: 139.7ms)


Started GET "/" for 127.0.0.1 at 2021-08-23 00:31:58 +0530
Processing by TweeetsController#index as HTML
  Rendering tweeets/index.html.erb within layouts/application
  [1m[36mUser Load (0.6ms)[0m  [1m[34mSELECT  "users".* FROM "users" WHERE "users"."id" = ? ORDER BY "users"."id" ASC LIMIT ?[0m  [["id", 1], ["LIMIT", 1]]
  [1m[35m (0.5ms)[0m  [1m[34mSELECT COUNT(*) FROM "tweeets" WHERE "tweeets"."user_id" = ?[0m  [["user_id", 1]]
  Rendered tweeets/_profile.html.erb (77.0ms)
  Rendered tweeets/_form.html.erb (9.2ms)
  [1m[36mTweeet Load (0.4ms)[0m  [1m[34mSELECT "tweeets".* FROM "tweeets" ORDER BY created_at DESC[0m
  Rendered tweeets/_feed.html.erb (14.1ms)
  Rendered tweeets/_who-to-follow.html.erb (0.9ms)
  Rendered tweeets/index.html.erb within layouts/application (102.4ms)
Completed 200 OK in 151ms (Views: 146.0ms | ActiveRecord: 1.4ms)


Started DELETE "/users/sign_out" for 127.0.0.1 at 2021-08-23 00:32:07 +0530

SyntaxError - syntax error, unexpected '{', expecting end
...ion only: [:create, :destroy] { request.env["devise.skip_tim...
...                              ^
/home/mayank/.rvm/gems/ruby-2.6.3/gems/devise-4.3.0/app/controllers/devise/sessions_controller.rb:5: syntax error, unexpected '}', expecting end
..."devise.skip_timeout"] = true }
...                              ^:

Started POST "/__better_errors/ddfcede3e76f6100/variables" for 127.0.0.1 at 2021-08-23 00:32:07 +0530
Started DELETE "/users/sign_out" for 127.0.0.1 at 2021-08-23 00:35:13 +0530

SyntaxError - syntax error, unexpected '{', expecting end
...ion only: [:create, :destroy] { request.env["devise.skip_tim...
...                              ^
/home/mayank/.rvm/gems/ruby-2.6.3/gems/devise-4.3.0/app/controllers/devise/sessions_controller.rb:5: syntax error, unexpected '}', expecting end
..."devise.skip_timeout"] = true }
...                              ^:

Started POST "/__better_errors/3cf90603b0075272/variables" for 127.0.0.1 at 2021-08-23 00:35:13 +0530
Started GET "/users/edit" for 127.0.0.1 at 2021-08-23 00:35:18 +0530
Processing by RegistrationsController#edit as HTML
  [1m[36mUser Load (0.6ms)[0m  [1m[34mSELECT  "users".* FROM "users" WHERE "users"."id" = ? ORDER BY "users"."id" ASC LIMIT ?[0m  [["id", 1], ["LIMIT", 1]]
  Rendering devise/registrations/edit.html.erb within layouts/application
  Rendered devise/registrations/edit.html.erb within layouts/application (26.4ms)
Completed 200 OK in 89ms (Views: 83.0ms | ActiveRecord: 0.6ms)


Started DELETE "/users/sign_out" for 127.0.0.1 at 2021-08-23 00:35:21 +0530

SyntaxError - syntax error, unexpected '{', expecting end
...ion only: [:create, :destroy] { request.env["devise.skip_tim...
...                              ^
/home/mayank/.rvm/gems/ruby-2.6.3/gems/devise-4.3.0/app/controllers/devise/sessions_controller.rb:5: syntax error, unexpected '}', expecting end
..."devise.skip_timeout"] = true }
...                              ^:

Started POST "/__better_errors/678031cb07dc439c/variables" for 127.0.0.1 at 2021-08-23 00:35:21 +0530
Started DELETE "/users/sign_out" for 127.0.0.1 at 2021-08-23 00:37:50 +0530
  [1m[35m (0.4ms)[0m  [1m[34mSELECT "schema_migrations"."version" FROM "schema_migrations" ORDER BY "schema_migrations"."version" ASC[0m
Processing by Devise::SessionsController#destroy as HTML
  Parameters: {"authenticity_token"=>"yOAl0bKGe81kNwTLPaTs0Vq5vP5NaspoP8H8JDrWC/T2oRtfwbg71+PnwbLNrjMTV2u2diZ249LUBnHh8Uox7g=="}
  [1m[36mUser Load (0.7ms)[0m  [1m[34mSELECT  "users".* FROM "users" WHERE "users"."id" = ? ORDER BY "users"."id" ASC LIMIT ?[0m  [["id", 1], ["LIMIT", 1]]
  [1m[35m (0.2ms)[0m  [1m[36mbegin transaction[0m
  [1m[35m (0.1ms)[0m  [1m[36mcommit transaction[0m
Redirected to http://localhost:3000/
Completed 302 Found in 84ms (ActiveRecord: 2.4ms)


Started GET "/" for 127.0.0.1 at 2021-08-23 00:37:50 +0530
Processing by TweeetsController#index as HTML
  Rendering tweeets/index.html.erb within layouts/application
  Rendered tweeets/_trends.html.erb (0.6ms)
  [1m[36mTweeet Load (0.6ms)[0m  [1m[34mSELECT "tweeets".* FROM "tweeets" ORDER BY created_at DESC[0m
  Rendered tweeets/_feed.html.erb (4.0ms)
  Rendered tweeets/_who-to-follow.html.erb (0.9ms)
  Rendered tweeets/index.html.erb within layouts/application (16.8ms)
Completed 200 OK in 655ms (Views: 627.3ms | ActiveRecord: 1.8ms)


Started GET "/users/sign_in" for 127.0.0.1 at 2021-08-23 00:37:54 +0530
Processing by Devise::SessionsController#new as HTML
  Rendering devise/sessions/new.html.erb within layouts/application
  Rendered devise/shared/_links.html.erb (3.4ms)
  Rendered devise/sessions/new.html.erb within layouts/application (167.4ms)
Completed 200 OK in 218ms (Views: 213.3ms | ActiveRecord: 0.0ms)


Started POST "/users/sign_in" for 127.0.0.1 at 2021-08-23 00:38:09 +0530
Processing by Devise::SessionsController#create as HTML
  Parameters: {"utf8"=>"✓", "authenticity_token"=>"ouqzEp/bOER/ExdJ83Vejoo+UyyKlSiH37V0CpV73pDz7XPAKB0UtZKheqNSsft3bPCaGtnm0mQ1Bz2ubtdPxw==", "user"=>{"email"=>"mayank@gmail.com", "password"=>"[FILTERED]", "remember_me"=>"0"}, "commit"=>"Log in"}
  [1m[36mUser Load (0.8ms)[0m  [1m[34mSELECT  "users".* FROM "users" WHERE "users"."email" = ? ORDER BY "users"."id" ASC LIMIT ?[0m  [["email", "mayank@gmail.com"], ["LIMIT", 1]]
  [1m[35m (0.2ms)[0m  [1m[36mbegin transaction[0m
  [1m[35mSQL (0.6ms)[0m  [1m[33mUPDATE "users" SET "current_sign_in_at" = ?, "sign_in_count" = ?, "updated_at" = ? WHERE "users"."id" = ?[0m  [["current_sign_in_at", "2021-08-22 19:08:09.580934"], ["sign_in_count", 2], ["updated_at", "2021-08-22 19:08:09.582622"], ["id", 1]]
  [1m[35m (129.0ms)[0m  [1m[36mcommit transaction[0m
Redirected to http://localhost:3000/
Completed 302 Found in 372ms (ActiveRecord: 130.7ms)


Started GET "/" for 127.0.0.1 at 2021-08-23 00:38:09 +0530
Processing by TweeetsController#index as HTML
  Rendering tweeets/index.html.erb within layouts/application
  [1m[36mUser Load (0.5ms)[0m  [1m[34mSELECT  "users".* FROM "users" WHERE "users"."id" = ? ORDER BY "users"."id" ASC LIMIT ?[0m  [["id", 1], ["LIMIT", 1]]
  [1m[35m (0.5ms)[0m  [1m[34mSELECT COUNT(*) FROM "tweeets" WHERE "tweeets"."user_id" = ?[0m  [["user_id", 1]]
  Rendered tweeets/_profile.html.erb (26.8ms)
  Rendered tweeets/_form.html.erb (9.9ms)
  [1m[36mTweeet Load (0.4ms)[0m  [1m[34mSELECT "tweeets".* FROM "tweeets" ORDER BY created_at DESC[0m
  Rendered tweeets/_feed.html.erb (14.9ms)
  Rendered tweeets/_who-to-follow.html.erb (0.9ms)
  Rendered tweeets/index.html.erb within layouts/application (50.1ms)
Completed 200 OK in 98ms (Views: 93.3ms | ActiveRecord: 1.3ms)


Started POST "/tweeets" for 127.0.0.1 at 2021-08-23 00:38:18 +0530
Processing by TweeetsController#create as HTML
  Parameters: {"utf8"=>"✓", "authenticity_token"=>"wIwmMjEwNbc8qFN7KbbS0cdJfLA9jQRxLouhvAp4DiSZjKHtqjNyaMdbY0fsf0AUvLTAmLe9PSZR1aW9GZYl0g==", "tweeet"=>{"tweeet"=>"xgvf"}, "commit"=>"Create Tweeet"}
  [1m[36mUser Load (0.6ms)[0m  [1m[34mSELECT  "users".* FROM "users" WHERE "users"."id" = ? ORDER BY "users"."id" ASC LIMIT ?[0m  [["id", 1], ["LIMIT", 1]]
  [1m[35m (0.2ms)[0m  [1m[36mbegin transaction[0m
  [1m[35mSQL (0.7ms)[0m  [1m[32mINSERT INTO "tweeets" ("tweeet", "created_at", "updated_at", "user_id") VALUES (?, ?, ?, ?)[0m  [["tweeet", "xgvf"], ["created_at", "2021-08-22 19:08:18.439136"], ["updated_at", "2021-08-22 19:08:18.439136"], ["user_id", 1]]
  [1m[35m (97.8ms)[0m  [1m[36mcommit transaction[0m
Redirected to http://localhost:3000/
Completed 302 Found in 124ms (ActiveRecord: 99.4ms)


Started GET "/" for 127.0.0.1 at 2021-08-23 00:38:18 +0530
Processing by TweeetsController#index as HTML
  Rendering tweeets/index.html.erb within layouts/application
  [1m[36mUser Load (0.5ms)[0m  [1m[34mSELECT  "users".* FROM "users" WHERE "users"."id" = ? ORDER BY "users"."id" ASC LIMIT ?[0m  [["id", 1], ["LIMIT", 1]]
  [1m[35m (0.4ms)[0m  [1m[34mSELECT COUNT(*) FROM "tweeets" WHERE "tweeets"."user_id" = ?[0m  [["user_id", 1]]
  Rendered tweeets/_profile.html.erb (4.3ms)
  Rendered tweeets/_form.html.erb (5.9ms)
  [1m[36mTweeet Load (0.4ms)[0m  [1m[34mSELECT "tweeets".* FROM "tweeets" ORDER BY created_at DESC[0m
  [1m[36mUser Load (0.5ms)[0m  [1m[34mSELECT  "users".* FROM "users" WHERE "users"."id" = ? LIMIT ?[0m  [["id", 1], ["LIMIT", 1]]
  Rendered tweeets/_feed.html.erb (18.5ms)
  Rendered tweeets/_who-to-follow.html.erb (0.7ms)
  Rendered tweeets/index.html.erb within layouts/application (31.3ms)
Completed 200 OK in 101ms (Views: 95.7ms | ActiveRecord: 1.8ms)


Started GET "/tweeets/1/edit" for 127.0.0.1 at 2021-08-23 00:38:21 +0530
Processing by TweeetsController#edit as HTML
  Parameters: {"id"=>"1"}
  [1m[36mTweeet Load (0.4ms)[0m  [1m[34mSELECT  "tweeets".* FROM "tweeets" WHERE "tweeets"."id" = ? LIMIT ?[0m  [["id", 1], ["LIMIT", 1]]
  [1m[36mUser Load (0.6ms)[0m  [1m[34mSELECT  "users".* FROM "users" WHERE "users"."id" = ? ORDER BY "users"."id" ASC LIMIT ?[0m  [["id", 1], ["LIMIT", 1]]
  Rendering tweeets/edit.html.erb within layouts/application
  Rendered tweeets/_form.html.erb (6.9ms)
  Rendered tweeets/edit.html.erb within layouts/application (9.4ms)
Completed 200 OK in 67ms (Views: 59.6ms | ActiveRecord: 1.1ms)


Started PATCH "/tweeets/1" for 127.0.0.1 at 2021-08-23 00:38:25 +0530
Processing by TweeetsController#update as HTML
  Parameters: {"utf8"=>"✓", "authenticity_token"=>"Vc4JKFSNpqGS/wJqFupHOXKOTGkMbaHvGZTzwQmd+UKcc+mBPmVKKf7yPB9H8Ah6iUnJKh59dWcq87BKvFO3Yg==", "tweeet"=>{"tweeet"=>"bgfbg"}, "commit"=>"Update Tweeet", "id"=>"1"}
  [1m[36mTweeet Load (0.4ms)[0m  [1m[34mSELECT  "tweeets".* FROM "tweeets" WHERE "tweeets"."id" = ? LIMIT ?[0m  [["id", 1], ["LIMIT", 1]]
  [1m[36mUser Load (0.6ms)[0m  [1m[34mSELECT  "users".* FROM "users" WHERE "users"."id" = ? ORDER BY "users"."id" ASC LIMIT ?[0m  [["id", 1], ["LIMIT", 1]]
  [1m[35m (0.2ms)[0m  [1m[36mbegin transaction[0m
  [1m[36mUser Load (0.4ms)[0m  [1m[34mSELECT  "users".* FROM "users" WHERE "users"."id" = ? LIMIT ?[0m  [["id", 1], ["LIMIT", 1]]
  [1m[35mSQL (0.7ms)[0m  [1m[33mUPDATE "tweeets" SET "tweeet" = ?, "updated_at" = ? WHERE "tweeets"."id" = ?[0m  [["tweeet", "bgfbg"], ["updated_at", "2021-08-22 19:08:25.133369"], ["id", 1]]
  [1m[35m (107.0ms)[0m  [1m[36mcommit transaction[0m
Redirected to http://localhost:3000/tweeets/1
Completed 302 Found in 129ms (ActiveRecord: 109.2ms)


Started GET "/tweeets/1" for 127.0.0.1 at 2021-08-23 00:38:25 +0530
Processing by TweeetsController#show as HTML
  Parameters: {"id"=>"1"}
  [1m[36mTweeet Load (0.4ms)[0m  [1m[34mSELECT  "tweeets".* FROM "tweeets" WHERE "tweeets"."id" = ? LIMIT ?[0m  [["id", 1], ["LIMIT", 1]]
  Rendering tweeets/show.html.erb within layouts/application
  Rendered tweeets/show.html.erb within layouts/application (2.0ms)
  [1m[36mUser Load (0.5ms)[0m  [1m[34mSELECT  "users".* FROM "users" WHERE "users"."id" = ? ORDER BY "users"."id" ASC LIMIT ?[0m  [["id", 1], ["LIMIT", 1]]
Completed 200 OK in 54ms (Views: 48.6ms | ActiveRecord: 0.8ms)


Started GET "/tweeets" for 127.0.0.1 at 2021-08-23 00:38:27 +0530
Processing by TweeetsController#index as HTML
  Rendering tweeets/index.html.erb within layouts/application
  [1m[36mUser Load (0.5ms)[0m  [1m[34mSELECT  "users".* FROM "users" WHERE "users"."id" = ? ORDER BY "users"."id" ASC LIMIT ?[0m  [["id", 1], ["LIMIT", 1]]
  [1m[35m (0.4ms)[0m  [1m[34mSELECT COUNT(*) FROM "tweeets" WHERE "tweeets"."user_id" = ?[0m  [["user_id", 1]]
  Rendered tweeets/_profile.html.erb (4.3ms)
  Rendered tweeets/_form.html.erb (6.1ms)
  [1m[36mTweeet Load (0.5ms)[0m  [1m[34mSELECT "tweeets".* FROM "tweeets" ORDER BY created_at DESC[0m
  [1m[36mUser Load (0.6ms)[0m  [1m[34mSELECT  "users".* FROM "users" WHERE "users"."id" = ? LIMIT ?[0m  [["id", 1], ["LIMIT", 1]]
  Rendered tweeets/_feed.html.erb (16.2ms)
  Rendered tweeets/_who-to-follow.html.erb (0.8ms)
  Rendered tweeets/index.html.erb within layouts/application (29.4ms)
Completed 200 OK in 83ms (Views: 78.7ms | ActiveRecord: 2.0ms)


Started GET "/tweeets/1" for 127.0.0.1 at 2021-08-23 00:38:29 +0530
Processing by TweeetsController#show as HTML
  Parameters: {"id"=>"1"}
  [1m[36mTweeet Load (0.6ms)[0m  [1m[34mSELECT  "tweeets".* FROM "tweeets" WHERE "tweeets"."id" = ? LIMIT ?[0m  [["id", 1], ["LIMIT", 1]]
  Rendering tweeets/show.html.erb within layouts/application
  Rendered tweeets/show.html.erb within layouts/application (1.8ms)
  [1m[36mUser Load (0.5ms)[0m  [1m[34mSELECT  "users".* FROM "users" WHERE "users"."id" = ? ORDER BY "users"."id" ASC LIMIT ?[0m  [["id", 1], ["LIMIT", 1]]
Completed 200 OK in 66ms (Views: 61.0ms | ActiveRecord: 1.1ms)


Started GET "/tweeets" for 127.0.0.1 at 2021-08-23 00:38:32 +0530
Processing by TweeetsController#index as HTML
  Rendering tweeets/index.html.erb within layouts/application
  [1m[36mUser Load (0.7ms)[0m  [1m[34mSELECT  "users".* FROM "users" WHERE "users"."id" = ? ORDER BY "users"."id" ASC LIMIT ?[0m  [["id", 1], ["LIMIT", 1]]
  [1m[35m (0.4ms)[0m  [1m[34mSELECT COUNT(*) FROM "tweeets" WHERE "tweeets"."user_id" = ?[0m  [["user_id", 1]]
  Rendered tweeets/_profile.html.erb (4.6ms)
  Rendered tweeets/_form.html.erb (7.9ms)
  [1m[36mTweeet Load (0.5ms)[0m  [1m[34mSELECT "tweeets".* FROM "tweeets" ORDER BY created_at DESC[0m
  [1m[36mUser Load (0.6ms)[0m  [1m[34mSELECT  "users".* FROM "users" WHERE "users"."id" = ? LIMIT ?[0m  [["id", 1], ["LIMIT", 1]]
  Rendered tweeets/_feed.html.erb (18.4ms)
  Rendered tweeets/_who-to-follow.html.erb (0.9ms)
  Rendered tweeets/index.html.erb within layouts/application (32.1ms)
Completed 200 OK in 85ms (Views: 79.9ms | ActiveRecord: 2.3ms)


Started GET "/tweeets" for 127.0.0.1 at 2021-08-23 00:41:43 +0530
Processing by TweeetsController#index as HTML
  Rendering tweeets/index.html.erb within layouts/application
  [1m[36mUser Load (0.5ms)[0m  [1m[34mSELECT  "users".* FROM "users" WHERE "users"."id" = ? ORDER BY "users"."id" ASC LIMIT ?[0m  [["id", 1], ["LIMIT", 1]]
  [1m[35m (0.5ms)[0m  [1m[34mSELECT COUNT(*) FROM "tweeets" WHERE "tweeets"."user_id" = ?[0m  [["user_id", 1]]
  Rendered tweeets/_profile.html.erb (6.4ms)
  Rendered tweeets/_form.html.erb (8.4ms)
  [1m[36mTweeet Load (0.6ms)[0m  [1m[34mSELECT "tweeets".* FROM "tweeets" ORDER BY created_at DESC[0m
  [1m[36mUser Load (0.6ms)[0m  [1m[34mSELECT  "users".* FROM "users" WHERE "users"."id" = ? LIMIT ?[0m  [["id", 1], ["LIMIT", 1]]
  Rendered tweeets/_feed.html.erb (19.3ms)
  Rendered tweeets/_who-to-follow.html.erb (1.3ms)
  Rendered tweeets/index.html.erb within layouts/application (34.8ms)
Completed 200 OK in 87ms (Views: 81.8ms | ActiveRecord: 2.1ms)


Started GET "/tweeets" for 127.0.0.1 at 2021-08-23 00:41:48 +0530
Processing by TweeetsController#index as HTML
  Rendering tweeets/index.html.erb within layouts/application
  [1m[36mUser Load (0.7ms)[0m  [1m[34mSELECT  "users".* FROM "users" WHERE "users"."id" = ? ORDER BY "users"."id" ASC LIMIT ?[0m  [["id", 1], ["LIMIT", 1]]
  [1m[35m (0.5ms)[0m  [1m[34mSELECT COUNT(*) FROM "tweeets" WHERE "tweeets"."user_id" = ?[0m  [["user_id", 1]]
  Rendered tweeets/_profile.html.erb (5.7ms)
  Rendered tweeets/_form.html.erb (7.4ms)
  [1m[36mTweeet Load (0.5ms)[0m  [1m[34mSELECT "tweeets".* FROM "tweeets" ORDER BY created_at DESC[0m
  [1m[36mUser Load (0.6ms)[0m  [1m[34mSELECT  "users".* FROM "users" WHERE "users"."id" = ? LIMIT ?[0m  [["id", 1], ["LIMIT", 1]]
  Rendered tweeets/_feed.html.erb (17.0ms)
  Rendered tweeets/_who-to-follow.html.erb (0.7ms)
  Rendered tweeets/index.html.erb within layouts/application (31.9ms)
Completed 200 OK in 78ms (Views: 72.8ms | ActiveRecord: 2.3ms)


Started GET "/tweeets" for 127.0.0.1 at 2021-08-23 00:41:56 +0530
Processing by TweeetsController#index as HTML
  Rendering tweeets/index.html.erb within layouts/application
  [1m[36mUser Load (0.6ms)[0m  [1m[34mSELECT  "users".* FROM "users" WHERE "users"."id" = ? ORDER BY "users"."id" ASC LIMIT ?[0m  [["id", 1], ["LIMIT", 1]]
  [1m[35m (0.6ms)[0m  [1m[34mSELECT COUNT(*) FROM "tweeets" WHERE "tweeets"."user_id" = ?[0m  [["user_id", 1]]
  Rendered tweeets/_profile.html.erb (6.7ms)
  Rendered tweeets/_form.html.erb (11.9ms)
  [1m[36mTweeet Load (0.5ms)[0m  [1m[34mSELECT "tweeets".* FROM "tweeets" ORDER BY created_at DESC[0m
  [1m[36mUser Load (0.5ms)[0m  [1m[34mSELECT  "users".* FROM "users" WHERE "users"."id" = ? LIMIT ?[0m  [["id", 1], ["LIMIT", 1]]
  Rendered tweeets/_feed.html.erb (23.1ms)
  Rendered tweeets/_who-to-follow.html.erb (1.4ms)
  Rendered tweeets/index.html.erb within layouts/application (43.1ms)
Completed 200 OK in 99ms (Views: 94.2ms | ActiveRecord: 2.2ms)


Started DELETE "/tweeets/1" for 127.0.0.1 at 2021-08-23 00:49:25 +0530
Processing by TweeetsController#destroy as HTML
  Parameters: {"authenticity_token"=>"1kLMNciNmnHsNvCnSpjCMi6hgUjrT/qLMSrzCrGRm4aPQkvqU47drhfFwJuPUVD3VVw9YGF/w9xOdPcLon+wcA==", "id"=>"1"}
  [1m[36mTweeet Load (0.4ms)[0m  [1m[34mSELECT  "tweeets".* FROM "tweeets" WHERE "tweeets"."id" = ? LIMIT ?[0m  [["id", 1], ["LIMIT", 1]]
  [1m[36mUser Load (0.8ms)[0m  [1m[34mSELECT  "users".* FROM "users" WHERE "users"."id" = ? ORDER BY "users"."id" ASC LIMIT ?[0m  [["id", 1], ["LIMIT", 1]]
  [1m[35m (0.2ms)[0m  [1m[36mbegin transaction[0m
  [1m[35mSQL (0.6ms)[0m  [1m[31mDELETE FROM "tweeets" WHERE "tweeets"."id" = ?[0m  [["id", 1]]
  [1m[35m (89.6ms)[0m  [1m[36mcommit transaction[0m
Redirected to http://localhost:3000/tweeets
Completed 302 Found in 106ms (ActiveRecord: 91.6ms)


Started GET "/tweeets" for 127.0.0.1 at 2021-08-23 00:49:25 +0530
Processing by TweeetsController#index as HTML
  Rendering tweeets/index.html.erb within layouts/application
  [1m[36mUser Load (0.6ms)[0m  [1m[34mSELECT  "users".* FROM "users" WHERE "users"."id" = ? ORDER BY "users"."id" ASC LIMIT ?[0m  [["id", 1], ["LIMIT", 1]]
  [1m[35m (0.5ms)[0m  [1m[34mSELECT COUNT(*) FROM "tweeets" WHERE "tweeets"."user_id" = ?[0m  [["user_id", 1]]
  Rendered tweeets/_profile.html.erb (5.0ms)
  Rendered tweeets/_form.html.erb (5.8ms)
  [1m[36mTweeet Load (0.4ms)[0m  [1m[34mSELECT "tweeets".* FROM "tweeets" ORDER BY created_at DESC[0m
  Rendered tweeets/_feed.html.erb (11.1ms)
  Rendered tweeets/_who-to-follow.html.erb (1.2ms)
  Rendered tweeets/index.html.erb within layouts/application (26.7ms)
Completed 200 OK in 77ms (Views: 72.3ms | ActiveRecord: 1.4ms)


Started GET "/" for 127.0.0.1 at 2021-08-23 00:49:32 +0530
Processing by TweeetsController#index as HTML
  Rendering tweeets/index.html.erb within layouts/application
  [1m[36mUser Load (0.8ms)[0m  [1m[34mSELECT  "users".* FROM "users" WHERE "users"."id" = ? ORDER BY "users"."id" ASC LIMIT ?[0m  [["id", 1], ["LIMIT", 1]]
  [1m[35m (0.4ms)[0m  [1m[34mSELECT COUNT(*) FROM "tweeets" WHERE "tweeets"."user_id" = ?[0m  [["user_id", 1]]
  Rendered tweeets/_profile.html.erb (4.6ms)
  Rendered tweeets/_form.html.erb (7.5ms)
  [1m[36mTweeet Load (0.4ms)[0m  [1m[34mSELECT "tweeets".* FROM "tweeets" ORDER BY created_at DESC[0m
  Rendered tweeets/_feed.html.erb (12.6ms)
  Rendered tweeets/_who-to-follow.html.erb (1.0ms)
  Rendered tweeets/index.html.erb within layouts/application (26.8ms)
Completed 200 OK in 85ms (Views: 80.5ms | ActiveRecord: 1.6ms)


Started GET "/" for 127.0.0.1 at 2021-08-23 00:49:35 +0530
Processing by TweeetsController#index as HTML
  Rendering tweeets/index.html.erb within layouts/application
  [1m[36mUser Load (0.6ms)[0m  [1m[34mSELECT  "users".* FROM "users" WHERE "users"."id" = ? ORDER BY "users"."id" ASC LIMIT ?[0m  [["id", 1], ["LIMIT", 1]]
  [1m[35m (0.5ms)[0m  [1m[34mSELECT COUNT(*) FROM "tweeets" WHERE "tweeets"."user_id" = ?[0m  [["user_id", 1]]
  Rendered tweeets/_profile.html.erb (5.3ms)
  Rendered tweeets/_form.html.erb (6.9ms)
  [1m[36mTweeet Load (0.4ms)[0m  [1m[34mSELECT "tweeets".* FROM "tweeets" ORDER BY created_at DESC[0m
  Rendered tweeets/_feed.html.erb (12.4ms)
  Rendered tweeets/_who-to-follow.html.erb (1.0ms)
  Rendered tweeets/index.html.erb within layouts/application (27.3ms)
Completed 200 OK in 75ms (Views: 71.2ms | ActiveRecord: 1.5ms)


Started POST "/tweeets" for 127.0.0.1 at 2021-08-23 00:49:37 +0530
Processing by TweeetsController#create as HTML
  Parameters: {"utf8"=>"✓", "authenticity_token"=>"5kDEXfoxfdXWc8wzahJIFhX3mLI07DIlFN+GI9tv2dKB8Zl+GoI4F/s82EKP1nNRhrdi3bp1x4tYTw86scE6AA==", "tweeet"=>{"tweeet"=>"dfvdf"}, "commit"=>"Create Tweeet"}
  [1m[36mUser Load (0.6ms)[0m  [1m[34mSELECT  "users".* FROM "users" WHERE "users"."id" = ? ORDER BY "users"."id" ASC LIMIT ?[0m  [["id", 1], ["LIMIT", 1]]
  [1m[35m (0.2ms)[0m  [1m[36mbegin transaction[0m
  [1m[35mSQL (0.6ms)[0m  [1m[32mINSERT INTO "tweeets" ("tweeet", "created_at", "updated_at", "user_id") VALUES (?, ?, ?, ?)[0m  [["tweeet", "dfvdf"], ["created_at", "2021-08-22 19:19:37.523251"], ["updated_at", "2021-08-22 19:19:37.523251"], ["user_id", 1]]
  [1m[35m (160.8ms)[0m  [1m[36mcommit transaction[0m
Redirected to http://localhost:3000/
Completed 302 Found in 175ms (ActiveRecord: 162.2ms)


Started GET "/" for 127.0.0.1 at 2021-08-23 00:49:37 +0530
Processing by TweeetsController#index as HTML
  Rendering tweeets/index.html.erb within layouts/application
  [1m[36mUser Load (0.5ms)[0m  [1m[34mSELECT  "users".* FROM "users" WHERE "users"."id" = ? ORDER BY "users"."id" ASC LIMIT ?[0m  [["id", 1], ["LIMIT", 1]]
  [1m[35m (0.4ms)[0m  [1m[34mSELECT COUNT(*) FROM "tweeets" WHERE "tweeets"."user_id" = ?[0m  [["user_id", 1]]
  Rendered tweeets/_profile.html.erb (3.9ms)
  Rendered tweeets/_form.html.erb (6.0ms)
  [1m[36mTweeet Load (0.4ms)[0m  [1m[34mSELECT "tweeets".* FROM "tweeets" ORDER BY created_at DESC[0m
  [1m[36mUser Load (0.4ms)[0m  [1m[34mSELECT  "users".* FROM "users" WHERE "users"."id" = ? LIMIT ?[0m  [["id", 1], ["LIMIT", 1]]
  Rendered tweeets/_feed.html.erb (14.5ms)
  Rendered tweeets/_who-to-follow.html.erb (0.7ms)
  Rendered tweeets/index.html.erb within layouts/application (26.5ms)
Completed 200 OK in 73ms (Views: 68.6ms | ActiveRecord: 1.7ms)


Started GET "/users/edit" for 127.0.0.1 at 2021-08-23 00:49:39 +0530
Processing by RegistrationsController#edit as HTML
  [1m[36mUser Load (1.0ms)[0m  [1m[34mSELECT  "users".* FROM "users" WHERE "users"."id" = ? ORDER BY "users"."id" ASC LIMIT ?[0m  [["id", 1], ["LIMIT", 1]]
  Rendering devise/registrations/edit.html.erb within layouts/application
  Rendered devise/registrations/edit.html.erb within layouts/application (27.3ms)
Completed 200 OK in 92ms (Views: 83.4ms | ActiveRecord: 1.0ms)


Started GET "/users/edit" for 127.0.0.1 at 2021-08-23 00:49:55 +0530
Processing by RegistrationsController#edit as HTML
  [1m[36mUser Load (2.0ms)[0m  [1m[34mSELECT  "users".* FROM "users" WHERE "users"."id" = ? ORDER BY "users"."id" ASC LIMIT ?[0m  [["id", 1], ["LIMIT", 1]]
  Rendering devise/registrations/edit.html.erb within layouts/application
  Rendered devise/registrations/edit.html.erb within layouts/application (19.2ms)
Completed 200 OK in 69ms (Views: 62.7ms | ActiveRecord: 2.0ms)


Started GET "/" for 127.0.0.1 at 2021-08-23 00:49:56 +0530
Processing by TweeetsController#index as HTML
  Rendering tweeets/index.html.erb within layouts/application
  [1m[36mUser Load (0.6ms)[0m  [1m[34mSELECT  "users".* FROM "users" WHERE "users"."id" = ? ORDER BY "users"."id" ASC LIMIT ?[0m  [["id", 1], ["LIMIT", 1]]
  [1m[35m (0.4ms)[0m  [1m[34mSELECT COUNT(*) FROM "tweeets" WHERE "tweeets"."user_id" = ?[0m  [["user_id", 1]]
  Rendered tweeets/_profile.html.erb (4.9ms)
  Rendered tweeets/_form.html.erb (7.0ms)
  [1m[36mTweeet Load (0.5ms)[0m  [1m[34mSELECT "tweeets".* FROM "tweeets" ORDER BY created_at DESC[0m
  [1m[36mUser Load (0.5ms)[0m  [1m[34mSELECT  "users".* FROM "users" WHERE "users"."id" = ? LIMIT ?[0m  [["id", 1], ["LIMIT", 1]]
  Rendered tweeets/_feed.html.erb (17.3ms)
  Rendered tweeets/_who-to-follow.html.erb (0.8ms)
  Rendered tweeets/index.html.erb within layouts/application (31.3ms)
Completed 200 OK in 82ms (Views: 77.6ms | ActiveRecord: 2.1ms)


Started GET "/tweeets/2" for 127.0.0.1 at 2021-08-23 00:50:03 +0530
Processing by TweeetsController#show as HTML
  Parameters: {"id"=>"2"}
  [1m[36mTweeet Load (0.5ms)[0m  [1m[34mSELECT  "tweeets".* FROM "tweeets" WHERE "tweeets"."id" = ? LIMIT ?[0m  [["id", 2], ["LIMIT", 1]]
  Rendering tweeets/show.html.erb within layouts/application
  Rendered tweeets/show.html.erb within layouts/application (1.7ms)
  [1m[36mUser Load (0.6ms)[0m  [1m[34mSELECT  "users".* FROM "users" WHERE "users"."id" = ? ORDER BY "users"."id" ASC LIMIT ?[0m  [["id", 1], ["LIMIT", 1]]
Completed 200 OK in 59ms (Views: 54.3ms | ActiveRecord: 1.1ms)


Started GET "/tweeets" for 127.0.0.1 at 2021-08-23 00:51:29 +0530
Processing by TweeetsController#index as HTML
  Rendering tweeets/index.html.erb within layouts/application
  [1m[36mUser Load (0.6ms)[0m  [1m[34mSELECT  "users".* FROM "users" WHERE "users"."id" = ? ORDER BY "users"."id" ASC LIMIT ?[0m  [["id", 1], ["LIMIT", 1]]
  [1m[35m (4.2ms)[0m  [1m[34mSELECT COUNT(*) FROM "tweeets" WHERE "tweeets"."user_id" = ?[0m  [["user_id", 1]]
  Rendered tweeets/_profile.html.erb (8.3ms)
  Rendered tweeets/_form.html.erb (10.0ms)
  [1m[36mTweeet Load (0.5ms)[0m  [1m[34mSELECT "tweeets".* FROM "tweeets" ORDER BY created_at DESC[0m
  [1m[36mUser Load (0.5ms)[0m  [1m[34mSELECT  "users".* FROM "users" WHERE "users"."id" = ? LIMIT ?[0m  [["id", 1], ["LIMIT", 1]]
  Rendered tweeets/_feed.html.erb (24.2ms)
  Rendered tweeets/_who-to-follow.html.erb (1.1ms)
  Rendered tweeets/index.html.erb within layouts/application (42.0ms)
Completed 200 OK in 103ms (Views: 94.4ms | ActiveRecord: 5.7ms)


Started GET "/tweeets" for 127.0.0.1 at 2021-08-23 00:54:25 +0530
Processing by TweeetsController#index as HTML
  Rendering tweeets/index.html.erb within layouts/application
  [1m[36mUser Load (0.7ms)[0m  [1m[34mSELECT  "users".* FROM "users" WHERE "users"."id" = ? ORDER BY "users"."id" ASC LIMIT ?[0m  [["id", 1], ["LIMIT", 1]]
  [1m[35m (0.5ms)[0m  [1m[34mSELECT COUNT(*) FROM "tweeets" WHERE "tweeets"."user_id" = ?[0m  [["user_id", 1]]
  Rendered tweeets/_profile.html.erb (5.3ms)
  Rendered tweeets/_form.html.erb (7.0ms)
  [1m[36mTweeet Load (0.5ms)[0m  [1m[34mSELECT "tweeets".* FROM "tweeets" ORDER BY created_at DESC[0m
  [1m[36mUser Load (0.6ms)[0m  [1m[34mSELECT  "users".* FROM "users" WHERE "users"."id" = ? LIMIT ?[0m  [["id", 1], ["LIMIT", 1]]
  Rendered tweeets/_feed.html.erb (17.3ms)
  Rendered tweeets/_who-to-follow.html.erb (0.7ms)
  Rendered tweeets/index.html.erb within layouts/application (31.9ms)
Completed 200 OK in 81ms (Views: 76.2ms | ActiveRecord: 2.2ms)


Started GET "/tweeets" for 127.0.0.1 at 2021-08-23 00:54:36 +0530
Processing by TweeetsController#index as HTML
  Rendering tweeets/index.html.erb within layouts/application
  [1m[36mUser Load (0.9ms)[0m  [1m[34mSELECT  "users".* FROM "users" WHERE "users"."id" = ? ORDER BY "users"."id" ASC LIMIT ?[0m  [["id", 1], ["LIMIT", 1]]
  [1m[35m (0.6ms)[0m  [1m[34mSELECT COUNT(*) FROM "tweeets" WHERE "tweeets"."user_id" = ?[0m  [["user_id", 1]]
  Rendered tweeets/_profile.html.erb (6.2ms)
  Rendered tweeets/_form.html.erb (7.2ms)
  [1m[36mTweeet Load (0.8ms)[0m  [1m[34mSELECT "tweeets".* FROM "tweeets" ORDER BY created_at DESC[0m
  [1m[36mUser Load (0.8ms)[0m  [1m[34mSELECT  "users".* FROM "users" WHERE "users"."id" = ? LIMIT ?[0m  [["id", 1], ["LIMIT", 1]]
  Rendered tweeets/_feed.html.erb (21.6ms)
  Rendered tweeets/_who-to-follow.html.erb (0.9ms)
  Rendered tweeets/index.html.erb within layouts/application (38.7ms)
Completed 200 OK in 100ms (Views: 94.3ms | ActiveRecord: 3.0ms)


Started GET "/tweeets" for 127.0.0.1 at 2021-08-23 00:54:47 +0530
Processing by TweeetsController#index as HTML
  Rendering tweeets/index.html.erb within layouts/application
  [1m[36mUser Load (0.5ms)[0m  [1m[34mSELECT  "users".* FROM "users" WHERE "users"."id" = ? ORDER BY "users"."id" ASC LIMIT ?[0m  [["id", 1], ["LIMIT", 1]]
  [1m[35m (0.5ms)[0m  [1m[34mSELECT COUNT(*) FROM "tweeets" WHERE "tweeets"."user_id" = ?[0m  [["user_id", 1]]
  Rendered tweeets/_profile.html.erb (4.3ms)
  Rendered tweeets/_form.html.erb (6.7ms)
  [1m[36mTweeet Load (0.8ms)[0m  [1m[34mSELECT "tweeets".* FROM "tweeets" ORDER BY created_at DESC[0m
  [1m[36mUser Load (0.7ms)[0m  [1m[34mSELECT  "users".* FROM "users" WHERE "users"."id" = ? LIMIT ?[0m  [["id", 1], ["LIMIT", 1]]
  Rendered tweeets/_feed.html.erb (18.6ms)
  Rendered tweeets/_who-to-follow.html.erb (0.9ms)
  Rendered tweeets/index.html.erb within layouts/application (35.7ms)
Completed 200 OK in 127ms (Views: 121.6ms | ActiveRecord: 2.4ms)


Started GET "/tweeets" for 127.0.0.1 at 2021-08-23 00:54:55 +0530
Processing by TweeetsController#index as HTML
  Rendering tweeets/index.html.erb within layouts/application
  [1m[36mUser Load (0.5ms)[0m  [1m[34mSELECT  "users".* FROM "users" WHERE "users"."id" = ? ORDER BY "users"."id" ASC LIMIT ?[0m  [["id", 1], ["LIMIT", 1]]
  [1m[35m (0.4ms)[0m  [1m[34mSELECT COUNT(*) FROM "tweeets" WHERE "tweeets"."user_id" = ?[0m  [["user_id", 1]]
  Rendered tweeets/_profile.html.erb (6.9ms)
  Rendered tweeets/_form.html.erb (7.8ms)
  [1m[36mTweeet Load (0.5ms)[0m  [1m[34mSELECT "tweeets".* FROM "tweeets" ORDER BY created_at DESC[0m
  [1m[36mUser Load (0.5ms)[0m  [1m[34mSELECT  "users".* FROM "users" WHERE "users"."id" = ? LIMIT ?[0m  [["id", 1], ["LIMIT", 1]]
  Rendered tweeets/_feed.html.erb (18.8ms)
  Rendered tweeets/_who-to-follow.html.erb (0.9ms)
  Rendered tweeets/index.html.erb within layouts/application (34.4ms)
Completed 200 OK in 89ms (Views: 84.6ms | ActiveRecord: 1.9ms)


Started GET "/tweeets" for 127.0.0.1 at 2021-08-23 01:05:08 +0530
  [1m[35m (0.4ms)[0m  [1m[34mSELECT "schema_migrations"."version" FROM "schema_migrations" ORDER BY "schema_migrations"."version" ASC[0m
Processing by TweeetsController#index as HTML
  Rendering tweeets/index.html.erb within layouts/application
  [1m[36mUser Load (0.9ms)[0m  [1m[34mSELECT  "users".* FROM "users" WHERE "users"."id" = ? ORDER BY "users"."id" ASC LIMIT ?[0m  [["id", 1], ["LIMIT", 1]]
  [1m[35m (0.5ms)[0m  [1m[34mSELECT COUNT(*) FROM "tweeets" WHERE "tweeets"."user_id" = ?[0m  [["user_id", 1]]
  Rendered tweeets/_profile.html.erb (27.7ms)
  Rendered tweeets/_form.html.erb (94.4ms)
  [1m[36mTweeet Load (0.5ms)[0m  [1m[34mSELECT "tweeets".* FROM "tweeets" ORDER BY created_at DESC[0m
  [1m[36mUser Load (0.7ms)[0m  [1m[34mSELECT  "users".* FROM "users" WHERE "users"."id" = ? LIMIT ?[0m  [["id", 1], ["LIMIT", 1]]
  Rendered tweeets/_feed.html.erb (114.8ms)
  Rendered tweeets/_who-to-follow.html.erb (0.8ms)
  Rendered tweeets/index.html.erb within layouts/application (195.7ms)
Completed 200 OK in 867ms (Views: 822.9ms | ActiveRecord: 6.0ms)


Started DELETE "/users/sign_out" for 127.0.0.1 at 2021-08-23 01:05:13 +0530
Processing by Devise::SessionsController#destroy as HTML
  Parameters: {"authenticity_token"=>"e6glNF2/8vHrBRo7X1NhuIhMgTpa8G037JQ7lJjRkxgiqKLrxry1LhD2KgeamvN987E9EtDAVGCTyj+Viz+47g=="}
  [1m[36mUser Load (0.6ms)[0m  [1m[34mSELECT  "users".* FROM "users" WHERE "users"."id" = ? ORDER BY "users"."id" ASC LIMIT ?[0m  [["id", 1], ["LIMIT", 1]]
  [1m[35m (0.2ms)[0m  [1m[36mbegin transaction[0m
  [1m[35m (0.3ms)[0m  [1m[36mcommit transaction[0m
Redirected to http://localhost:3000/
Completed 302 Found in 14ms (ActiveRecord: 1.0ms)


Started GET "/" for 127.0.0.1 at 2021-08-23 01:05:13 +0530
Processing by TweeetsController#index as HTML
  Rendering tweeets/index.html.erb within layouts/application
  Rendered tweeets/_trends.html.erb (1.8ms)
  [1m[36mTweeet Load (0.6ms)[0m  [1m[34mSELECT "tweeets".* FROM "tweeets" ORDER BY created_at DESC[0m
  [1m[36mUser Load (0.6ms)[0m  [1m[34mSELECT  "users".* FROM "users" WHERE "users"."id" = ? LIMIT ?[0m  [["id", 1], ["LIMIT", 1]]
  Rendered tweeets/_feed.html.erb (8.2ms)
  Rendered tweeets/_who-to-follow.html.erb (0.7ms)
  Rendered tweeets/index.html.erb within layouts/application (22.5ms)
Completed 200 OK in 69ms (Views: 65.3ms | ActiveRecord: 1.2ms)


Started GET "/users/sign_in" for 127.0.0.1 at 2021-08-23 01:05:15 +0530
Processing by Devise::SessionsController#new as HTML
  Rendering devise/sessions/new.html.erb within layouts/application
  Rendered devise/shared/_links.html.erb (3.8ms)
  Rendered devise/sessions/new.html.erb within layouts/application (34.3ms)
Completed 200 OK in 93ms (Views: 87.2ms | ActiveRecord: 0.0ms)


